Using pre-set license
Built from '2020.3/staging' branch; Version is '2020.3.18f1 (a7d1c678663c) revision 10998214'; Using compiler version '192528614'; Build Type 'Release'
OS: 'Windows 10 Pro; OS build 19044.1586; Version 2009; 64bit' Language: 'ko' Physical Memory: 16316 MB
BatchMode: 1, IsHumanControllingUs: 0, StartBugReporterOnCrash: 0, Is64bit: 1, IsPro: 0

COMMAND LINE ARGUMENTS:
C:\Program Files\Unity\Hub\Editor\2020.3.18f1\Editor\Unity.exe
-adb2
-batchMode
-noUpm
-name
AssetImportWorker0
-projectPath
D:/Unity/Git/Unity_Game/Game_Pinball
-logFile
Logs/AssetImportWorker0.log
-srvPort
11243
Successfully changed project path to: D:/Unity/Git/Unity_Game/Game_Pinball
D:/Unity/Git/Unity_Game/Game_Pinball
Using Asset Import Pipeline V2.
Refreshing native plugins compatible for Editor in 190.60 ms, found 2 plugins.
Preloading 0 native plugins for Editor in 0.00 ms.
Initialize engine version: 2020.3.18f1 (a7d1c678663c)
[Subsystems] Discovering subsystems at path C:/Program Files/Unity/Hub/Editor/2020.3.18f1/Editor/Data/Resources/UnitySubsystems
[Subsystems] Discovering subsystems at path D:/Unity/Git/Unity_Game/Game_Pinball/Assets
GfxDevice: creating device client; threaded=0
Direct3D:
    Version:  Direct3D 11.0 [level 11.1]
    Renderer: Radeon RX 580 Series (ID=0x67df)
    Vendor:   
    VRAM:     8171 MB
    Driver:   30.0.14029.5006
Initialize mono
Mono path[0] = 'C:/Program Files/Unity/Hub/Editor/2020.3.18f1/Editor/Data/Managed'
Mono path[1] = 'C:/Program Files/Unity/Hub/Editor/2020.3.18f1/Editor/Data/MonoBleedingEdge/lib/mono/unityjit'
Mono config path = 'C:/Program Files/Unity/Hub/Editor/2020.3.18f1/Editor/Data/MonoBleedingEdge/etc'
Using monoOptions --debugger-agent=transport=dt_socket,embedding=1,server=y,suspend=n,address=127.0.0.1:56016
Begin MonoManager ReloadAssembly
Registering precompiled unity dll's ...
Register platform support module: C:/Program Files/Unity/Hub/Editor/2020.3.18f1/Editor/Data/PlaybackEngines/WindowsStandaloneSupport/UnityEditor.WindowsStandalone.Extensions.dll
Registered in 0.005346 seconds.
Native extension for WindowsStandalone target not found
Refreshing native plugins compatible for Editor in 28.11 ms, found 2 plugins.
Preloading 0 native plugins for Editor in 0.00 ms.
Mono: successfully reloaded assembly
- Completed reload, in  4.455 seconds
Domain Reload Profiling:
	ReloadAssembly (4455ms)
		BeginReloadAssembly (85ms)
			ExecutionOrderSort (0ms)
			DisableScriptedObjects (0ms)
			BackupInstance (0ms)
			ReleaseScriptingObjects (0ms)
			CreateAndSetChildDomain (1ms)
		EndReloadAssembly (495ms)
			LoadAssemblies (81ms)
			RebuildTransferFunctionScriptingTraits (0ms)
			SetupTypeCache (163ms)
			ReleaseScriptCaches (0ms)
			RebuildScriptCaches (31ms)
			SetupLoadedEditorAssemblies (216ms)
				LogAssemblyErrors (0ms)
				InitializePlatformSupportModulesInManaged (3ms)
				SetLoadedEditorAssemblies (0ms)
				RefreshPlugins (28ms)
				BeforeProcessingInitializeOnLoad (19ms)
				ProcessInitializeOnLoadAttributes (75ms)
				ProcessInitializeOnLoadMethodAttributes (90ms)
				AfterProcessingInitializeOnLoad (0ms)
				EditorAssembliesLoaded (0ms)
			ExecutionOrderSort2 (0ms)
			AwakeInstancesAfterBackupRestoration (0ms)
Platform modules already initialized, skipping
Registering precompiled user dll's ...
Registered in 0.536547 seconds.
Begin MonoManager ReloadAssembly
Native extension for WindowsStandalone target not found
Refreshing native plugins compatible for Editor in 0.29 ms, found 2 plugins.
Preloading 0 native plugins for Editor in 0.00 ms.
Mono: successfully reloaded assembly
- Completed reload, in  1.784 seconds
Domain Reload Profiling:
	ReloadAssembly (1785ms)
		BeginReloadAssembly (173ms)
			ExecutionOrderSort (0ms)
			DisableScriptedObjects (4ms)
			BackupInstance (0ms)
			ReleaseScriptingObjects (0ms)
			CreateAndSetChildDomain (18ms)
		EndReloadAssembly (1540ms)
			LoadAssemblies (817ms)
			RebuildTransferFunctionScriptingTraits (0ms)
			SetupTypeCache (290ms)
			ReleaseScriptCaches (0ms)
			RebuildScriptCaches (40ms)
			SetupLoadedEditorAssemblies (323ms)
				LogAssemblyErrors (0ms)
				InitializePlatformSupportModulesInManaged (5ms)
				SetLoadedEditorAssemblies (0ms)
				RefreshPlugins (0ms)
				BeforeProcessingInitializeOnLoad (83ms)
				ProcessInitializeOnLoadAttributes (215ms)
				ProcessInitializeOnLoadMethodAttributes (5ms)
				AfterProcessingInitializeOnLoad (13ms)
				EditorAssembliesLoaded (0ms)
			ExecutionOrderSort2 (0ms)
			AwakeInstancesAfterBackupRestoration (7ms)
Platform modules already initialized, skipping
========================================================================
Worker process is ready to serve import requests
Launched and connected shader compiler UnityShaderCompiler.exe after 0.06 seconds
Refreshing native plugins compatible for Editor in 0.27 ms, found 2 plugins.
Preloading 0 native plugins for Editor in 0.00 ms.
Unloading 1396 Unused Serialized files (Serialized files now loaded: 0)
System memory in use before: 70.1 MB.
System memory in use after: 70.2 MB.

Unloading 16 unused Assets to reduce memory usage. Loaded Objects now: 1831.
Total: 2.826900 ms (FindLiveObjects: 0.259800 ms CreateObjectMapping: 0.096200 ms MarkObjects: 2.406100 ms  DeleteObjects: 0.063500 ms)

AssetImportParameters requested are different than current active one (requested -> active):
  custom:framework-win-MediaFoundation: 216162199b28c13a410421893ffa2e32 -> 
  custom:video-decoder-ogg-theora: a1e56fd34408186e4bbccfd4996cb3dc -> 
  custom:container-muxer-webm: aa71ff27fc2769a1b78a27578f13a17b -> 
  custom:container-demuxer-webm: 4f35f7cbe854078d1ac9338744f61a02 -> 
  custom:container-demuxer-ogg: 62fdf1f143b41e24485cea50d1cbac27 -> 
  custom:video-encoder-webm-vp8: eb34c28f22e8b96e1ab97ce403110664 -> 
  custom:video-decoder-webm-vp8: 9c59270c3fd7afecdb556c50c9e8de78 -> 
  custom:audio-decoder-ogg-vorbis: bf7c407c2cedff20999df2af8eb42d56 -> 
  custom:audio-encoder-webm-vorbis: bf7c407c2cedff20999df2af8eb42d56 -> 
========================================================================
Received Import Request.
  path: Assets/Scenes/Pinball.unity
  artifactKey: Guid(60889eae8ea21d04ca22a9748df32d7f) Importer(815301076,1909f56bfc062723c751e8b465ee728b)
Start importing Assets/Scenes/Pinball.unity using Guid(60889eae8ea21d04ca22a9748df32d7f) Importer(815301076,1909f56bfc062723c751e8b465ee728b)  -> (artifact id: 'bc5fba8278f82c01293293b90871069a') in 0.011985 seconds 
  Import took 0.081832 seconds .

========================================================================
Received Import Request.
  Time since last request: 1114.224530 seconds.
  path: Assets/Scenes/Pinball.unity
  artifactKey: Guid(ba1bca46a0f150a4a88a00f8bb20b001) Importer(815301076,1909f56bfc062723c751e8b465ee728b)
Start importing Assets/Scenes/Pinball.unity using Guid(ba1bca46a0f150a4a88a00f8bb20b001) Importer(815301076,1909f56bfc062723c751e8b465ee728b)  -> (artifact id: 'f14d61e8d58c5a32583ee239afaa205e') in 0.004574 seconds 
  Import took 0.094355 seconds .

========================================================================
Received Import Request.
  Time since last request: 2.333176 seconds.
  path: Assets/Scenes/Pinball.unity
  artifactKey: Guid(ba1bca46a0f150a4a88a00f8bb20b001) Importer(815301076,1909f56bfc062723c751e8b465ee728b)
Start importing Assets/Scenes/Pinball.unity using Guid(ba1bca46a0f150a4a88a00f8bb20b001) Importer(815301076,1909f56bfc062723c751e8b465ee728b)  -> (artifact id: '735b3d1881af8040649f180cc63a66a2') in 0.002835 seconds 
  Import took 0.024329 seconds .

========================================================================
Received Import Request.
  Time since last request: 8.131296 seconds.
  path: Assets/Free
  artifactKey: Guid(e5d51fd2952c60541b1eb7fe35f883b9) Importer(815301076,1909f56bfc062723c751e8b465ee728b)
Start importing Assets/Free using Guid(e5d51fd2952c60541b1eb7fe35f883b9) Importer(815301076,1909f56bfc062723c751e8b465ee728b)  -> (artifact id: 'e521353946c6b1ca475b70143654bb38') in 0.003056 seconds 
  Import took 0.005360 seconds .

========================================================================
Received Import Request.
  Time since last request: 0.339420 seconds.
  path: Assets/Free/Wooden Floor Pack
  artifactKey: Guid(f52f1a9b8dde12e40a868f5c5e3ab550) Importer(815301076,1909f56bfc062723c751e8b465ee728b)
Start importing Assets/Free/Wooden Floor Pack using Guid(f52f1a9b8dde12e40a868f5c5e3ab550) Importer(815301076,1909f56bfc062723c751e8b465ee728b)  -> (artifact id: '4af147952a0a9a47aae55820a2cc396e') in 0.003606 seconds 
  Import took 0.006022 seconds .

========================================================================
Received Import Request.
  Time since last request: 0.306264 seconds.
  path: Assets/Scenes/SampleScene.unity
  artifactKey: Guid(9fc0d4010bbf28b4594072e72b8655ab) Importer(815301076,1909f56bfc062723c751e8b465ee728b)
Start importing Assets/Scenes/SampleScene.unity using Guid(9fc0d4010bbf28b4594072e72b8655ab) Importer(815301076,1909f56bfc062723c751e8b465ee728b)  -> (artifact id: '85059f4f9e1a832ed95adaa0d25c5c4c') in 0.004285 seconds 
  Import took 0.006710 seconds .

========================================================================
Received Import Request.
  Time since last request: 115.295169 seconds.
  path: Assets/Prefabs
  artifactKey: Guid(0b92e8016fcfefb44963fb09e828e802) Importer(815301076,1909f56bfc062723c751e8b465ee728b)
Start importing Assets/Prefabs using Guid(0b92e8016fcfefb44963fb09e828e802) Importer(815301076,1909f56bfc062723c751e8b465ee728b)  -> (artifact id: 'ff88e2e4478937e93b5ebd7b47317830') in 0.005646 seconds 
  Import took 0.008965 seconds .

========================================================================
Received Import Request.
  Time since last request: 45.040584 seconds.
  path: Assets/Scenes/Pinball.unity
  artifactKey: Guid(9fc0d4010bbf28b4594072e72b8655ab) Importer(815301076,1909f56bfc062723c751e8b465ee728b)
Start importing Assets/Scenes/Pinball.unity using Guid(9fc0d4010bbf28b4594072e72b8655ab) Importer(815301076,1909f56bfc062723c751e8b465ee728b)  -> (artifact id: 'e2518eb5cc81fd06a2e02e4cf1267a2d') in 0.003822 seconds 
  Import took 0.032954 seconds .

========================================================================
Received Import Request.
  Time since last request: 20.190440 seconds.
  path: Assets/Pinball.unity
  artifactKey: Guid(4d0d14d97270efc4dbabf6118b6ec0b8) Importer(815301076,1909f56bfc062723c751e8b465ee728b)
Start importing Assets/Pinball.unity using Guid(4d0d14d97270efc4dbabf6118b6ec0b8) Importer(815301076,1909f56bfc062723c751e8b465ee728b)  -> (artifact id: 'a0db31fa588d39c65ffa9abaed0f9a95') in 0.003493 seconds 
  Import took 0.083851 seconds .

========================================================================
Received Import Request.
  Time since last request: 3.491304 seconds.
  path: Assets/Scenes
  artifactKey: Guid(808d01402a3b26b48a460e303d7ed54c) Importer(815301076,1909f56bfc062723c751e8b465ee728b)
Start importing Assets/Scenes using Guid(808d01402a3b26b48a460e303d7ed54c) Importer(815301076,1909f56bfc062723c751e8b465ee728b)  -> (artifact id: '7914980d1945b05f033390dbfd4f3065') in 0.003276 seconds 
  Import took 0.005745 seconds .

AssetImportWorkerClient::OnTransportError - code=2 error=End of file
